2025-09-07 14:18:33,334 - INFO - 开始执行: 加载任务数据
2025-09-07 14:18:33,334 - INFO - 数据文件不存在，从空状态开始
2025-09-07 14:18:33,334 - INFO - 操作完成: 加载任务数据 (耗时: 0.000秒)
2025-09-07 14:18:33,334 - INFO - 开始批量操作
2025-09-07 14:18:33,334 - INFO - 开始执行: 创建任务
2025-09-07 14:18:33,334 - INFO - 创建任务: e0ace8b3 - 学习Python高级特性
2025-09-07 14:18:33,334 - INFO - 操作完成: 创建任务 (耗时: 0.000秒)
2025-09-07 14:18:33,334 - INFO - 开始执行: 创建任务
2025-09-07 14:18:33,334 - INFO - 创建任务: dc439703 - 完成项目文档
2025-09-07 14:18:33,334 - INFO - 操作完成: 创建任务 (耗时: 0.000秒)
2025-09-07 14:18:33,334 - INFO - 开始执行: 创建任务
2025-09-07 14:18:33,334 - INFO - 创建任务: 0a052dd5 - 代码审查
2025-09-07 14:18:33,334 - INFO - 操作完成: 创建任务 (耗时: 0.000秒)
2025-09-07 14:18:33,334 - INFO - 开始执行: 创建任务
2025-09-07 14:18:33,334 - INFO - 创建任务: dec98823 - 备份数据库
2025-09-07 14:18:33,334 - INFO - 操作完成: 创建任务 (耗时: 0.000秒)
2025-09-07 14:18:33,334 - INFO - 开始执行: 保存任务数据
2025-09-07 14:18:33,341 - INFO - 任务数据已保存: 4 个任务
2025-09-07 14:18:33,341 - INFO - 操作完成: 保存任务数据 (耗时: 0.006秒)
2025-09-07 14:18:33,341 - INFO - 批量操作完成，数据已保存
2025-09-07 14:18:33,341 - INFO - 开始执行: 加载任务数据
2025-09-07 14:18:33,341 - INFO - 加载任务数据: 4 个任务
2025-09-07 14:18:33,341 - INFO - 数据版本: 1.0
2025-09-07 14:18:33,341 - INFO - 操作完成: 加载任务数据 (耗时: 0.000秒)
2025-09-07 14:21:35,758 - INFO - 开始执行: 加载任务数据
2025-09-07 14:21:35,758 - ERROR - 加载任务失败: Expecting value: line 1 column 1 (char 0)
2025-09-07 14:21:35,758 - INFO - 操作完成: 加载任务数据 (耗时: 0.000秒)
2025-09-07 14:21:35,758 - INFO - 开始执行: 创建任务
2025-09-07 14:21:35,758 - INFO - 创建任务: b82ba2d9 - 学习设计模式
2025-09-07 14:21:35,758 - INFO - 开始执行: 保存任务数据
2025-09-07 14:21:35,759 - INFO - 创建数据备份: /var/folders/r4/_mzc1zvd66sd0wfdd46z7rjh0000gn/T/tmpwuz0ic68.json.backup
2025-09-07 14:21:35,762 - INFO - 任务数据已保存: 1 个任务
2025-09-07 14:21:35,763 - INFO - 数据操作成功
2025-09-07 14:21:35,763 - INFO - 操作完成: 保存任务数据 (耗时: 0.005秒)
2025-09-07 14:21:35,763 - INFO - 操作完成: 创建任务 (耗时: 0.005秒)
2025-09-07 14:21:35,763 - INFO - 开始执行: 创建任务
2025-09-07 14:21:35,763 - INFO - 创建任务: efc9b22a - 写技术博客
2025-09-07 14:21:35,763 - INFO - 开始执行: 保存任务数据
2025-09-07 14:21:35,766 - INFO - 创建数据备份: /var/folders/r4/_mzc1zvd66sd0wfdd46z7rjh0000gn/T/tmpwuz0ic68.json.backup
2025-09-07 14:21:35,767 - INFO - 任务数据已保存: 2 个任务
2025-09-07 14:21:35,767 - INFO - 数据操作成功
2025-09-07 14:21:35,767 - INFO - 操作完成: 保存任务数据 (耗时: 0.004秒)
2025-09-07 14:21:35,767 - INFO - 操作完成: 创建任务 (耗时: 0.004秒)
2025-09-07 14:21:35,767 - INFO - 开始执行: 更新任务
2025-09-07 14:21:35,767 - INFO - 更新任务: b82ba2d9
2025-09-07 14:21:35,767 - INFO - 开始执行: 保存任务数据
2025-09-07 14:21:35,768 - INFO - 创建数据备份: /var/folders/r4/_mzc1zvd66sd0wfdd46z7rjh0000gn/T/tmpwuz0ic68.json.backup
2025-09-07 14:21:35,769 - INFO - 任务数据已保存: 2 个任务
2025-09-07 14:21:35,769 - INFO - 数据操作成功
2025-09-07 14:21:35,769 - INFO - 操作完成: 保存任务数据 (耗时: 0.002秒)
2025-09-07 14:21:35,769 - INFO - 操作完成: 更新任务 (耗时: 0.002秒)
2025-09-07 14:21:35,769 - INFO - 开始执行: 删除任务
2025-09-07 14:21:35,769 - INFO - 删除任务: efc9b22a - 写技术博客
2025-09-07 14:21:35,769 - INFO - 开始执行: 保存任务数据
2025-09-07 14:21:35,770 - INFO - 创建数据备份: /var/folders/r4/_mzc1zvd66sd0wfdd46z7rjh0000gn/T/tmpwuz0ic68.json.backup
2025-09-07 14:21:35,772 - INFO - 任务数据已保存: 1 个任务
2025-09-07 14:21:35,772 - INFO - 数据操作成功
2025-09-07 14:21:35,772 - INFO - 操作完成: 保存任务数据 (耗时: 0.003秒)
2025-09-07 14:21:35,772 - INFO - 操作完成: 删除任务 (耗时: 0.003秒)
2025-09-07 14:21:35,776 - INFO - 开始执行: 加载任务数据
2025-09-07 14:21:35,778 - ERROR - 加载任务失败: Expecting value: line 1 column 1 (char 0)
2025-09-07 14:21:35,778 - INFO - 操作完成: 加载任务数据 (耗时: 0.002秒)
2025-09-07 14:21:35,778 - INFO - 开始批量操作
2025-09-07 14:21:35,778 - INFO - 开始执行: 创建任务
2025-09-07 14:21:35,778 - INFO - 创建任务: 0b7c5d7c - 高优先级任务1
2025-09-07 14:21:35,778 - INFO - 操作完成: 创建任务 (耗时: 0.000秒)
2025-09-07 14:21:35,778 - INFO - 开始执行: 创建任务
2025-09-07 14:21:35,778 - INFO - 创建任务: 06d6f3d2 - 中优先级任务1
2025-09-07 14:21:35,778 - INFO - 操作完成: 创建任务 (耗时: 0.000秒)
2025-09-07 14:21:35,778 - INFO - 开始执行: 创建任务
2025-09-07 14:21:35,778 - INFO - 创建任务: 932bb4d8 - 紧急任务
2025-09-07 14:21:35,778 - INFO - 操作完成: 创建任务 (耗时: 0.000秒)
2025-09-07 14:21:35,778 - INFO - 开始执行: 创建任务
2025-09-07 14:21:35,778 - INFO - 创建任务: 650e8f9d - 低优先级任务1
2025-09-07 14:21:35,778 - INFO - 操作完成: 创建任务 (耗时: 0.000秒)
2025-09-07 14:21:35,778 - INFO - 开始执行: 创建任务
2025-09-07 14:21:35,778 - INFO - 创建任务: 105ea1be - 高优先级任务2
2025-09-07 14:21:35,778 - INFO - 操作完成: 创建任务 (耗时: 0.000秒)
2025-09-07 14:21:35,778 - INFO - 开始执行: 保存任务数据
2025-09-07 14:21:35,779 - INFO - 创建数据备份: /var/folders/r4/_mzc1zvd66sd0wfdd46z7rjh0000gn/T/tmp912w0lnq.json.backup
2025-09-07 14:21:35,779 - INFO - 任务数据已保存: 5 个任务
2025-09-07 14:21:35,780 - INFO - 数据操作成功
2025-09-07 14:21:35,780 - INFO - 操作完成: 保存任务数据 (耗时: 0.001秒)
2025-09-07 14:21:35,780 - INFO - 批量操作完成，数据已保存
2025-09-07 14:21:35,780 - INFO - 开始执行: 更新任务
2025-09-07 14:21:35,780 - ERROR - 操作失败: 更新任务 - 任务不存在: 不存在的ID (耗时: 0.000秒)
2025-09-07 14:21:35,780 - INFO - 开始执行: 更新任务
2025-09-07 14:21:35,780 - INFO - 更新任务: 0b7c5d7c
2025-09-07 14:21:35,780 - INFO - 开始执行: 保存任务数据
2025-09-07 14:21:35,787 - INFO - 创建数据备份: /var/folders/r4/_mzc1zvd66sd0wfdd46z7rjh0000gn/T/tmp912w0lnq.json.backup
2025-09-07 14:21:35,788 - INFO - 任务数据已保存: 5 个任务
2025-09-07 14:21:35,788 - INFO - 数据操作成功
2025-09-07 14:21:35,788 - INFO - 操作完成: 保存任务数据 (耗时: 0.008秒)
2025-09-07 14:21:35,788 - INFO - 操作完成: 更新任务 (耗时: 0.008秒)
2025-09-07 14:21:35,789 - INFO - 开始执行: 加载任务数据
2025-09-07 14:21:35,789 - ERROR - 加载任务失败: Expecting value: line 1 column 1 (char 0)
2025-09-07 14:21:35,789 - INFO - 操作完成: 加载任务数据 (耗时: 0.000秒)
2025-09-07 14:21:35,789 - INFO - 创建数据备份: /var/folders/r4/_mzc1zvd66sd0wfdd46z7rjh0000gn/T/tmpw236e3nl.json.backup
2025-09-07 14:21:35,789 - INFO - 开始执行: 创建任务
2025-09-07 14:21:35,789 - INFO - 创建任务: b367b18c - 测试任务1
2025-09-07 14:21:35,789 - INFO - 开始执行: 保存任务数据
2025-09-07 14:21:35,790 - INFO - 创建数据备份: /var/folders/r4/_mzc1zvd66sd0wfdd46z7rjh0000gn/T/tmpw236e3nl.json.backup
2025-09-07 14:21:35,790 - INFO - 任务数据已保存: 1 个任务
2025-09-07 14:21:35,790 - INFO - 数据操作成功
2025-09-07 14:21:35,791 - INFO - 操作完成: 保存任务数据 (耗时: 0.001秒)
2025-09-07 14:21:35,791 - INFO - 操作完成: 创建任务 (耗时: 0.001秒)
2025-09-07 14:21:35,791 - INFO - 开始执行: 创建任务
2025-09-07 14:21:35,791 - INFO - 创建任务: aa4e7fc5 - 测试任务2
2025-09-07 14:21:35,791 - INFO - 开始执行: 保存任务数据
2025-09-07 14:21:35,791 - INFO - 创建数据备份: /var/folders/r4/_mzc1zvd66sd0wfdd46z7rjh0000gn/T/tmpw236e3nl.json.backup
2025-09-07 14:21:35,792 - INFO - 任务数据已保存: 2 个任务
2025-09-07 14:21:35,792 - INFO - 数据操作成功
2025-09-07 14:21:35,792 - INFO - 操作完成: 保存任务数据 (耗时: 0.001秒)
2025-09-07 14:21:35,792 - INFO - 操作完成: 创建任务 (耗时: 0.001秒)
2025-09-07 14:21:35,792 - INFO - 数据操作成功
2025-09-07 14:21:35,792 - INFO - 开始批量操作
2025-09-07 14:21:35,792 - INFO - 开始批量操作
2025-09-07 14:21:35,792 - INFO - 开始执行: 更新任务
2025-09-07 14:21:35,792 - INFO - 更新任务: b367b18c
2025-09-07 14:21:35,792 - INFO - 操作完成: 更新任务 (耗时: 0.000秒)
2025-09-07 14:21:35,792 - INFO - 开始执行: 更新任务
2025-09-07 14:21:35,792 - INFO - 更新任务: aa4e7fc5
2025-09-07 14:21:35,792 - INFO - 操作完成: 更新任务 (耗时: 0.000秒)
2025-09-07 14:21:35,792 - INFO - 开始执行: 保存任务数据
2025-09-07 14:21:35,793 - INFO - 创建数据备份: /var/folders/r4/_mzc1zvd66sd0wfdd46z7rjh0000gn/T/tmpw236e3nl.json.backup
2025-09-07 14:21:35,793 - INFO - 任务数据已保存: 2 个任务
2025-09-07 14:21:35,793 - INFO - 数据操作成功
2025-09-07 14:21:35,793 - INFO - 操作完成: 保存任务数据 (耗时: 0.001秒)
2025-09-07 14:21:35,793 - INFO - 批量操作完成，数据已保存
2025-09-07 14:21:35,793 - INFO - 开始执行: 保存任务数据
2025-09-07 14:21:35,794 - INFO - 创建数据备份: /var/folders/r4/_mzc1zvd66sd0wfdd46z7rjh0000gn/T/tmpw236e3nl.json.backup
2025-09-07 14:21:35,794 - INFO - 任务数据已保存: 2 个任务
2025-09-07 14:21:35,794 - INFO - 数据操作成功
2025-09-07 14:21:35,794 - INFO - 操作完成: 保存任务数据 (耗时: 0.001秒)
2025-09-07 14:21:35,794 - INFO - 批量操作完成，数据已保存
2025-09-07 14:21:35,795 - INFO - 创建数据备份: /var/folders/r4/_mzc1zvd66sd0wfdd46z7rjh0000gn/T/tmpw236e3nl.json.backup
2025-09-07 14:21:35,795 - INFO - 开始执行: 创建任务
2025-09-07 14:21:35,795 - INFO - 创建任务: 2b6baf7e - 这个任务会因异常被回滚
2025-09-07 14:21:35,795 - INFO - 开始执行: 保存任务数据
2025-09-07 14:21:35,795 - INFO - 创建数据备份: /var/folders/r4/_mzc1zvd66sd0wfdd46z7rjh0000gn/T/tmpw236e3nl.json.backup
2025-09-07 14:21:35,796 - INFO - 任务数据已保存: 3 个任务
2025-09-07 14:21:35,796 - INFO - 数据操作成功
2025-09-07 14:21:35,796 - INFO - 操作完成: 保存任务数据 (耗时: 0.001秒)
2025-09-07 14:21:35,796 - INFO - 操作完成: 创建任务 (耗时: 0.001秒)
2025-09-07 14:21:35,797 - WARNING - 数据操作失败，已恢复备份
2025-09-07 14:21:35,798 - INFO - 开始执行: 加载任务数据
2025-09-07 14:21:35,798 - ERROR - 加载任务失败: Expecting value: line 1 column 1 (char 0)
2025-09-07 14:21:35,798 - INFO - 操作完成: 加载任务数据 (耗时: 0.000秒)
2025-09-07 14:21:35,798 - INFO - 开始批量操作
2025-09-07 14:21:35,798 - INFO - 开始执行: 创建任务
2025-09-07 14:21:35,798 - INFO - 创建任务: 3a553e90 - 正常任务
2025-09-07 14:21:35,798 - INFO - 操作完成: 创建任务 (耗时: 0.000秒)
2025-09-07 14:21:35,798 - INFO - 开始执行: 创建任务
2025-09-07 14:21:35,798 - ERROR - 操作失败: 创建任务 - 任务标题不能为空 (耗时: 0.000秒)
2025-09-07 14:21:35,798 - WARNING - 批量创建第 2 个任务失败: 任务标题不能为空
2025-09-07 14:21:35,798 - INFO - 开始执行: 创建任务
2025-09-07 14:21:35,798 - INFO - 创建任务: c8a816d4 - 另一个正常任务
2025-09-07 14:21:35,798 - INFO - 操作完成: 创建任务 (耗时: 0.000秒)
2025-09-07 14:21:35,798 - INFO - 开始执行: 保存任务数据
2025-09-07 14:21:35,800 - INFO - 创建数据备份: /var/folders/r4/_mzc1zvd66sd0wfdd46z7rjh0000gn/T/tmpiwfnb6ti.json.backup
2025-09-07 14:21:35,800 - INFO - 任务数据已保存: 2 个任务
2025-09-07 14:21:35,800 - INFO - 数据操作成功
2025-09-07 14:21:35,800 - INFO - 操作完成: 保存任务数据 (耗时: 0.002秒)
2025-09-07 14:21:35,800 - INFO - 批量操作完成，数据已保存
2025-09-07 14:21:35,801 - INFO - 开始执行: 加载任务数据
2025-09-07 14:21:35,801 - INFO - 数据文件不存在，从空状态开始
2025-09-07 14:21:35,801 - INFO - 操作完成: 加载任务数据 (耗时: 0.000秒)
2025-09-07 14:21:35,801 - INFO - 开始执行: 创建任务
2025-09-07 14:21:35,801 - INFO - 创建任务: 3b9f679d - 测试任务
2025-09-07 14:21:35,801 - INFO - 开始执行: 保存任务数据
2025-09-07 14:21:35,801 - ERROR - 保存任务失败: [Errno 2] No such file or directory: '/root/readonly.json.tmp'
2025-09-07 14:21:35,801 - ERROR - 操作失败: 保存任务数据 - [Errno 2] No such file or directory: '/root/readonly.json.tmp' (耗时: 0.000秒)
2025-09-07 14:21:35,801 - ERROR - 操作失败: 创建任务 - [Errno 2] No such file or directory: '/root/readonly.json.tmp' (耗时: 0.000秒)
2025-09-08 00:50:05,707 - INFO - ʼִ: 
2025-09-08 00:50:05,708 - ERROR - ʧ: Expecting value: line 1 column 1 (char 0)
2025-09-08 00:50:05,708 - INFO - :  (ʱ: 0.002)
2025-09-08 00:50:05,709 - INFO - ʼִ: 
2025-09-08 00:50:05,709 - INFO - : b516cdd6 - ѧϰģʽ
2025-09-08 00:50:05,709 - INFO - ʼִ: 
2025-09-08 00:50:05,711 - INFO - ݱ: C:\Users\suncl\AppData\Local\Temp\tmpc7hwkbsv.json.backup
2025-09-08 00:50:05,713 - INFO - ѱ: 1 
2025-09-08 00:50:05,714 - INFO - ݲɹ
2025-09-08 00:50:05,714 - INFO - :  (ʱ: 0.005)
2025-09-08 00:50:05,714 - INFO - :  (ʱ: 0.005)
2025-09-08 00:50:05,714 - INFO - ʼִ: 
2025-09-08 00:50:05,714 - INFO - : 5f7271fc - д
2025-09-08 00:50:05,715 - INFO - ʼִ: 
2025-09-08 00:50:05,715 - INFO - ݱ: C:\Users\suncl\AppData\Local\Temp\tmpc7hwkbsv.json.backup
2025-09-08 00:50:05,717 - INFO - ѱ: 2 
2025-09-08 00:50:05,717 - INFO - ݲɹ
2025-09-08 00:50:05,718 - INFO - :  (ʱ: 0.003)
2025-09-08 00:50:05,718 - INFO - :  (ʱ: 0.004)
2025-09-08 00:50:05,718 - INFO - ʼִ: 
2025-09-08 00:50:05,718 - INFO - : b516cdd6
2025-09-08 00:50:05,719 - INFO - ʼִ: 
2025-09-08 00:50:05,719 - INFO - ݱ: C:\Users\suncl\AppData\Local\Temp\tmpc7hwkbsv.json.backup
2025-09-08 00:50:05,721 - INFO - ѱ: 2 
2025-09-08 00:50:05,721 - INFO - ݲɹ
2025-09-08 00:50:05,721 - INFO - :  (ʱ: 0.003)
2025-09-08 00:50:05,722 - INFO - :  (ʱ: 0.003)
2025-09-08 00:50:05,722 - INFO - ʼִ: ɾ
2025-09-08 00:50:05,722 - INFO - ɾ: 5f7271fc - д
2025-09-08 00:50:05,722 - INFO - ʼִ: 
2025-09-08 00:50:05,723 - INFO - ݱ: C:\Users\suncl\AppData\Local\Temp\tmpc7hwkbsv.json.backup
2025-09-08 00:50:05,725 - INFO - ѱ: 1 
2025-09-08 00:50:05,726 - INFO - ݲɹ
2025-09-08 00:50:05,726 - INFO - :  (ʱ: 0.003)
2025-09-08 00:50:05,726 - INFO - : ɾ (ʱ: 0.004)
2025-09-08 00:50:05,727 - INFO - ʼִ: 
2025-09-08 00:50:05,728 - ERROR - ʧ: Expecting value: line 1 column 1 (char 0)
2025-09-08 00:50:05,728 - INFO - :  (ʱ: 0.000)
2025-09-08 00:50:05,728 - INFO - ʼ
2025-09-08 00:50:05,728 - INFO - ʼִ: 
2025-09-08 00:50:05,728 - INFO - : f08819f6 - ȼ1
2025-09-08 00:50:05,728 - INFO - :  (ʱ: 0.000)
2025-09-08 00:50:05,728 - INFO - ʼִ: 
2025-09-08 00:50:05,729 - INFO - : 4dacc38e - ȼ1
2025-09-08 00:50:05,729 - INFO - :  (ʱ: 0.000)
2025-09-08 00:50:05,729 - INFO - ʼִ: 
2025-09-08 00:50:05,729 - INFO - : e31998f6 - 
2025-09-08 00:50:05,729 - INFO - :  (ʱ: 0.000)
2025-09-08 00:50:05,729 - INFO - ʼִ: 
2025-09-08 00:50:05,730 - INFO - : 85e8b47f - ȼ1
2025-09-08 00:50:05,730 - INFO - :  (ʱ: 0.000)
2025-09-08 00:50:05,730 - INFO - ʼִ: 
2025-09-08 00:50:05,730 - INFO - : bf3517f6 - ȼ2
2025-09-08 00:50:05,730 - INFO - :  (ʱ: 0.000)
2025-09-08 00:50:05,730 - INFO - ʼִ: 
2025-09-08 00:50:05,730 - INFO - ݱ: C:\Users\suncl\AppData\Local\Temp\tmp_ps4siru.json.backup
2025-09-08 00:50:05,732 - INFO - ѱ: 5 
2025-09-08 00:50:05,732 - INFO - ݲɹ
2025-09-08 00:50:05,733 - INFO - :  (ʱ: 0.003)
2025-09-08 00:50:05,733 - INFO - ɣѱ
2025-09-08 00:50:05,735 - INFO - ʼִ: 
2025-09-08 00:50:05,735 - ERROR - ʧ:  - 񲻴: ڵID (ʱ: 0.000)
2025-09-08 00:50:05,735 - INFO - ʼִ: 
2025-09-08 00:50:05,735 - INFO - : f08819f6
2025-09-08 00:50:05,735 - INFO - ʼִ: 
2025-09-08 00:50:05,736 - INFO - ݱ: C:\Users\suncl\AppData\Local\Temp\tmp_ps4siru.json.backup
2025-09-08 00:50:05,738 - INFO - ѱ: 5 
2025-09-08 00:50:05,738 - INFO - ݲɹ
2025-09-08 00:50:05,739 - INFO - :  (ʱ: 0.003)
2025-09-08 00:50:05,739 - INFO - :  (ʱ: 0.004)
2025-09-08 00:50:05,740 - INFO - ʼִ: 
2025-09-08 00:50:05,740 - ERROR - ʧ: Expecting value: line 1 column 1 (char 0)
2025-09-08 00:50:05,740 - INFO - :  (ʱ: 0.000)
2025-09-08 00:50:05,741 - INFO - ݱ: C:\Users\suncl\AppData\Local\Temp\tmp3i1j_xqn.json.backup
2025-09-08 00:50:05,741 - INFO - ʼִ: 
2025-09-08 00:50:05,741 - INFO - : 40427267 - 1
2025-09-08 00:50:05,741 - INFO - ʼִ: 
2025-09-08 00:50:05,742 - INFO - ݱ: C:\Users\suncl\AppData\Local\Temp\tmp3i1j_xqn.json.backup
2025-09-08 00:50:05,743 - INFO - ѱ: 1 
2025-09-08 00:50:05,744 - INFO - ݲɹ
2025-09-08 00:50:05,744 - INFO - :  (ʱ: 0.002)
2025-09-08 00:50:05,744 - INFO - :  (ʱ: 0.003)
2025-09-08 00:50:05,744 - INFO - ʼִ: 
2025-09-08 00:50:05,744 - INFO - : f31c6445 - 2
2025-09-08 00:50:05,745 - INFO - ʼִ: 
2025-09-08 00:50:05,745 - INFO - ݱ: C:\Users\suncl\AppData\Local\Temp\tmp3i1j_xqn.json.backup
2025-09-08 00:50:05,747 - INFO - ѱ: 2 
2025-09-08 00:50:05,747 - INFO - ݲɹ
2025-09-08 00:50:05,747 - INFO - :  (ʱ: 0.003)
2025-09-08 00:50:05,748 - INFO - :  (ʱ: 0.003)
2025-09-08 00:50:05,748 - INFO - ݲɹ
2025-09-08 00:50:05,748 - INFO - ʼ
2025-09-08 00:50:05,748 - INFO - ʼ
2025-09-08 00:50:05,748 - INFO - ʼִ: 
2025-09-08 00:50:05,749 - INFO - : 40427267
2025-09-08 00:50:05,749 - INFO - :  (ʱ: 0.000)
2025-09-08 00:50:05,749 - INFO - ʼִ: 
2025-09-08 00:50:05,749 - INFO - : f31c6445
2025-09-08 00:50:05,750 - INFO - :  (ʱ: 0.000)
2025-09-08 00:50:05,750 - INFO - ʼִ: 
2025-09-08 00:50:05,752 - INFO - ݱ: C:\Users\suncl\AppData\Local\Temp\tmp3i1j_xqn.json.backup
2025-09-08 00:50:05,754 - INFO - ѱ: 2 
2025-09-08 00:50:05,754 - INFO - ݲɹ
2025-09-08 00:50:05,754 - INFO - :  (ʱ: 0.004)
2025-09-08 00:50:05,754 - INFO - ɣѱ
2025-09-08 00:50:05,754 - INFO - ʼִ: 
2025-09-08 00:50:05,756 - INFO - ݱ: C:\Users\suncl\AppData\Local\Temp\tmp3i1j_xqn.json.backup
2025-09-08 00:50:05,758 - INFO - ѱ: 2 
2025-09-08 00:50:05,759 - INFO - ݲɹ
2025-09-08 00:50:05,759 - INFO - :  (ʱ: 0.005)
2025-09-08 00:50:05,759 - INFO - ɣѱ
2025-09-08 00:50:05,760 - INFO - ݱ: C:\Users\suncl\AppData\Local\Temp\tmp3i1j_xqn.json.backup
2025-09-08 00:50:05,760 - INFO - ʼִ: 
2025-09-08 00:50:05,761 - INFO - : c2a50bc7 - 쳣ع
2025-09-08 00:50:05,761 - INFO - ʼִ: 
2025-09-08 00:50:05,761 - INFO - ݱ: C:\Users\suncl\AppData\Local\Temp\tmp3i1j_xqn.json.backup
2025-09-08 00:50:05,763 - INFO - ѱ: 3 
2025-09-08 00:50:05,763 - INFO - ݲɹ
2025-09-08 00:50:05,763 - INFO - :  (ʱ: 0.003)
2025-09-08 00:50:05,763 - INFO - :  (ʱ: 0.003)
2025-09-08 00:50:05,764 - WARNING - ݲʧܣѻָ
2025-09-08 00:50:05,765 - INFO - ʼִ: 
2025-09-08 00:50:05,765 - ERROR - ʧ: Expecting value: line 1 column 1 (char 0)
2025-09-08 00:50:05,765 - INFO - :  (ʱ: 0.000)
2025-09-08 00:50:05,766 - INFO - ʼ
2025-09-08 00:50:05,766 - INFO - ʼִ: 
2025-09-08 00:50:05,766 - INFO - : 3b59b55b - 
2025-09-08 00:50:05,766 - INFO - :  (ʱ: 0.000)
2025-09-08 00:50:05,766 - INFO - ʼִ: 
2025-09-08 00:50:05,766 - ERROR - ʧ:  - ⲻΪ (ʱ: 0.000)
2025-09-08 00:50:05,766 - WARNING -  2 ʧ: ⲻΪ
2025-09-08 00:50:05,766 - INFO - ʼִ: 
2025-09-08 00:50:05,767 - INFO - : 68956532 - һ
2025-09-08 00:50:05,767 - INFO - :  (ʱ: 0.000)
2025-09-08 00:50:05,767 - INFO - ʼִ: 
2025-09-08 00:50:05,768 - INFO - ݱ: C:\Users\suncl\AppData\Local\Temp\tmpuy8pl9cq.json.backup
2025-09-08 00:50:05,769 - INFO - ѱ: 2 
2025-09-08 00:50:05,770 - INFO - ݲɹ
2025-09-08 00:50:05,770 - INFO - :  (ʱ: 0.003)
2025-09-08 00:50:05,770 - INFO - ɣѱ
2025-09-08 00:50:05,770 - INFO - ʼִ: 
2025-09-08 00:50:05,770 - INFO - ļڣӿ״̬ʼ
2025-09-08 00:50:05,770 - INFO - :  (ʱ: 0.000)
2025-09-08 00:50:05,771 - INFO - ʼִ: 
2025-09-08 00:50:05,771 - INFO - : a8ccb7fa - 
2025-09-08 00:50:05,771 - INFO - ʼִ: 
2025-09-08 00:50:05,771 - ERROR - ʧ: [Errno 2] No such file or directory: '/root/readonly.json.tmp'
2025-09-08 00:50:05,771 - ERROR - ʧ:  - [Errno 2] No such file or directory: '/root/readonly.json.tmp' (ʱ: 0.000)
2025-09-08 00:50:05,771 - ERROR - ʧ:  - [Errno 2] No such file or directory: '/root/readonly.json.tmp' (ʱ: 0.001)
